DEBUG   |190529 07:14:49|Fetching filter data from database
DEBUG   |190529 07:14:49|Loading filters
DEBUG   |190529 07:14:49|-- Loading filter Directories
DEBUG   |190529 07:14:49|-- Loading filter Extradirs
DEBUG   |190529 07:14:49|-- Loading filter Files
DEBUG   |190529 07:14:49|-- Loading filter Incremental
DEBUG   |190529 07:14:49|-- Loading filter Multidb
DEBUG   |190529 07:14:49|-- Loading filter Regexdirectories
DEBUG   |190529 07:14:49|-- Loading filter Regexfiles
DEBUG   |190529 07:14:49|-- Loading filter Regexskipdirs
DEBUG   |190529 07:14:49|-- Loading filter Regexskipfiles
DEBUG   |190529 07:14:49|-- Loading filter Regextabledata
DEBUG   |190529 07:14:49|-- Loading filter Regextables
DEBUG   |190529 07:14:49|-- Loading filter Skipdirs
DEBUG   |190529 07:14:49|-- Loading filter Skipfiles
DEBUG   |190529 07:14:49|-- Loading filter Tabledata
DEBUG   |190529 07:14:49|-- Loading filter Tables
DEBUG   |190529 07:14:49|-- Loading filter Cvsfolders
DEBUG   |190529 07:14:49|-- Loading filter Excludefiles
DEBUG   |190529 07:14:49|-- Loading filter Excludefolders
DEBUG   |190529 07:14:49|-- Loading filter Excludetabledata
DEBUG   |190529 07:14:49|-- Loading filter Joomlaskipdirs
DEBUG   |190529 07:14:49|-- Loading filter Joomlaskipfiles
DEBUG   |190529 07:14:49|-- Loading filter Libraries
DEBUG   |190529 07:14:49|-- Loading filter Sitedb
DEBUG   |190529 07:14:49|-- Loading filter Siteroot
DEBUG   |190529 07:14:49|-- Loading filter Systemcachefiles
DEBUG   |190529 07:14:49|Loading optional filters
DEBUG   |190529 07:14:49|-- Loading optional filter Stack\StackErrorlogs
DEBUG   |190529 07:14:49|-- Loading optional filter Stack\StackHoststats
DEBUG   |190529 07:14:49|-- Loading optional filter Stack\StackActionlogs
DEBUG   |190529 07:14:49|-- Loading optional filter Stack\StackFinder
DEBUG   |190529 07:14:49|-- Loading optional filter Stack\StackMyjoomla
DEBUG   |190529 11:30:02|Fetching filter data from database
DEBUG   |190529 11:30:02|Loading filters
DEBUG   |190529 11:30:02|-- Loading filter Directories
DEBUG   |190529 11:30:02|-- Loading filter Extradirs
DEBUG   |190529 11:30:02|-- Loading filter Files
DEBUG   |190529 11:30:02|-- Loading filter Incremental
DEBUG   |190529 11:30:02|-- Loading filter Multidb
DEBUG   |190529 11:30:02|-- Loading filter Regexdirectories
DEBUG   |190529 11:30:02|-- Loading filter Regexfiles
DEBUG   |190529 11:30:02|-- Loading filter Regexskipdirs
DEBUG   |190529 11:30:02|-- Loading filter Regexskipfiles
DEBUG   |190529 11:30:02|-- Loading filter Regextabledata
DEBUG   |190529 11:30:02|-- Loading filter Regextables
DEBUG   |190529 11:30:02|-- Loading filter Skipdirs
DEBUG   |190529 11:30:02|-- Loading filter Skipfiles
DEBUG   |190529 11:30:02|-- Loading filter Tabledata
DEBUG   |190529 11:30:02|-- Loading filter Tables
DEBUG   |190529 11:30:02|-- Loading filter Cvsfolders
DEBUG   |190529 11:30:02|-- Loading filter Excludefiles
DEBUG   |190529 11:30:02|-- Loading filter Excludefolders
DEBUG   |190529 11:30:02|-- Loading filter Excludetabledata
DEBUG   |190529 11:30:02|-- Loading filter Joomlaskipdirs
DEBUG   |190529 11:30:02|-- Loading filter Joomlaskipfiles
DEBUG   |190529 11:30:02|-- Loading filter Libraries
DEBUG   |190529 11:30:02|-- Loading filter Sitedb
DEBUG   |190529 11:30:02|-- Loading filter Siteroot
DEBUG   |190529 11:30:02|-- Loading filter Systemcachefiles
DEBUG   |190529 11:30:02|Loading optional filters
DEBUG   |190529 11:30:02|-- Loading optional filter Stack\StackErrorlogs
DEBUG   |190529 11:30:02|-- Loading optional filter Stack\StackHoststats
DEBUG   |190529 11:30:02|-- Loading optional filter Stack\StackActionlogs
DEBUG   |190529 11:30:02|-- Loading optional filter Stack\StackFinder
DEBUG   |190529 11:30:02|-- Loading optional filter Stack\StackMyjoomla
DEBUG   |190530 03:28:19|Fetching filter data from database
DEBUG   |190530 03:28:19|Loading filters
DEBUG   |190530 03:28:19|-- Loading filter Directories
DEBUG   |190530 03:28:19|-- Loading filter Extradirs
DEBUG   |190530 03:28:19|-- Loading filter Files
DEBUG   |190530 03:28:19|-- Loading filter Incremental
DEBUG   |190530 03:28:19|-- Loading filter Multidb
DEBUG   |190530 03:28:19|-- Loading filter Regexdirectories
DEBUG   |190530 03:28:19|-- Loading filter Regexfiles
DEBUG   |190530 03:28:19|-- Loading filter Regexskipdirs
DEBUG   |190530 03:28:19|-- Loading filter Regexskipfiles
DEBUG   |190530 03:28:19|-- Loading filter Regextabledata
DEBUG   |190530 03:28:19|-- Loading filter Regextables
DEBUG   |190530 03:28:19|-- Loading filter Skipdirs
DEBUG   |190530 03:28:19|-- Loading filter Skipfiles
DEBUG   |190530 03:28:19|-- Loading filter Tabledata
DEBUG   |190530 03:28:19|-- Loading filter Tables
DEBUG   |190530 03:28:19|-- Loading filter Cvsfolders
DEBUG   |190530 03:28:19|-- Loading filter Excludefiles
DEBUG   |190530 03:28:19|-- Loading filter Excludefolders
DEBUG   |190530 03:28:19|-- Loading filter Excludetabledata
DEBUG   |190530 03:28:19|-- Loading filter Joomlaskipdirs
DEBUG   |190530 03:28:19|-- Loading filter Joomlaskipfiles
DEBUG   |190530 03:28:19|-- Loading filter Libraries
DEBUG   |190530 03:28:19|-- Loading filter Sitedb
DEBUG   |190530 03:28:19|-- Loading filter Siteroot
DEBUG   |190530 03:28:19|-- Loading filter Systemcachefiles
DEBUG   |190530 03:28:19|Loading optional filters
DEBUG   |190530 03:28:19|-- Loading optional filter Stack\StackErrorlogs
DEBUG   |190530 03:28:19|-- Loading optional filter Stack\StackHoststats
DEBUG   |190530 03:28:19|-- Loading optional filter Stack\StackActionlogs
DEBUG   |190530 03:28:19|-- Loading optional filter Stack\StackFinder
DEBUG   |190530 03:28:19|-- Loading optional filter Stack\StackMyjoomla
